<?xml version="1.0" encoding="UTF-8"?>
<!-- Generated by org.testng.reporters.JUnitXMLReporter -->
<testsuite hostname="SasuKe" ignored="0" name="Login Test" tests="3" failures="0" timestamp="2021-11-01T17:15:21 FJT" time="0.07" errors="0">
  <testcase name="doLogin" time="0.009" classname="retryfailures.TestLogin"/>
  <testcase name="registerUsers" time="0.005" classname="retryfailures.TestLogin">
    <skipped/>
  </testcase> <!-- registerUsers -->
  <testcase name="registerUsers" time="0.001" classname="retryfailures.TestLogin"/>
</testsuite> <!-- Login Test -->
